0 info it worked if it ends with ok
1 verbose cli [ 'C:\\Program Files\\nodejs\\node.exe',
1 verbose cli   'C:\\Program Files\\nodejs\\node_modules\\npm\\bin\\npm-cli.js',
1 verbose cli   'install',
1 verbose cli   '--scripts-prepend-node-path=auto' ]
2 info using npm@3.10.10
3 info using node@v6.17.1
4 silly loadCurrentTree Starting
5 silly install loadCurrentTree
6 silly install readLocalPackageData
7 silly install normalizeTree
8 silly loadCurrentTree Finishing
9 silly loadIdealTree Starting
10 silly install loadIdealTree
11 silly cloneCurrentTree Starting
12 silly install cloneCurrentTreeToIdealTree
13 silly cloneCurrentTree Finishing
14 silly loadShrinkwrap Starting
15 silly install loadShrinkwrap
16 silly loadShrinkwrap Finishing
17 silly loadAllDepsIntoIdealTree Starting
18 silly install loadAllDepsIntoIdealTree
19 silly fetchNamedPackageData exceljs
20 silly mapToRegistry name exceljs
21 silly mapToRegistry using default registry
22 silly mapToRegistry registry https://registry.npmjs.org/
23 silly mapToRegistry data Result {
23 silly mapToRegistry   raw: 'exceljs',
23 silly mapToRegistry   scope: null,
23 silly mapToRegistry   escapedName: 'exceljs',
23 silly mapToRegistry   name: 'exceljs',
23 silly mapToRegistry   rawSpec: '',
23 silly mapToRegistry   spec: 'latest',
23 silly mapToRegistry   type: 'tag' }
24 silly mapToRegistry uri https://registry.npmjs.org/exceljs
25 silly fetchNamedPackageData multer
26 silly mapToRegistry name multer
27 silly mapToRegistry using default registry
28 silly mapToRegistry registry https://registry.npmjs.org/
29 silly mapToRegistry data Result {
29 silly mapToRegistry   raw: 'multer',
29 silly mapToRegistry   scope: null,
29 silly mapToRegistry   escapedName: 'multer',
29 silly mapToRegistry   name: 'multer',
29 silly mapToRegistry   rawSpec: '',
29 silly mapToRegistry   spec: 'latest',
29 silly mapToRegistry   type: 'tag' }
30 silly mapToRegistry uri https://registry.npmjs.org/multer
31 verbose request uri https://registry.npmjs.org/multer
32 verbose request no auth needed
33 info attempt registry request try #1 at 9:49:27 AM
34 verbose request id 3a1667273f03de31
35 http request GET https://registry.npmjs.org/multer
36 verbose request uri https://registry.npmjs.org/exceljs
37 verbose request no auth needed
38 info attempt registry request try #1 at 9:49:27 AM
39 verbose etag W/"ac7bfe692f32d7e48af51ab6149d16bc"
40 verbose lastModified Sat, 21 Aug 2021 13:47:35 GMT
41 http request GET https://registry.npmjs.org/exceljs
42 http 200 https://registry.npmjs.org/multer
43 verbose headers { date: 'Tue, 30 Jan 2024 05:49:34 GMT',
43 verbose headers   'content-type': 'application/json',
43 verbose headers   'transfer-encoding': 'chunked',
43 verbose headers   connection: 'keep-alive',
43 verbose headers   'cf-ray': '84d76eab2d573876-MRU',
43 verbose headers   'cf-cache-status': 'REVALIDATED',
43 verbose headers   'access-control-allow-origin': '*',
43 verbose headers   'cache-control': 'public, max-age=300',
43 verbose headers   etag: 'W/"9d0dfc33335a58ca41addeac253fbb8c"',
43 verbose headers   'last-modified': 'Tue, 07 Nov 2023 05:03:09 GMT',
43 verbose headers   vary: 'accept-encoding, accept',
43 verbose headers   server: 'cloudflare',
43 verbose headers   'content-encoding': 'gzip' }
44 silly get cb [ 200,
44 silly get   { date: 'Tue, 30 Jan 2024 05:49:34 GMT',
44 silly get     'content-type': 'application/json',
44 silly get     'transfer-encoding': 'chunked',
44 silly get     connection: 'keep-alive',
44 silly get     'cf-ray': '84d76eab2d573876-MRU',
44 silly get     'cf-cache-status': 'REVALIDATED',
44 silly get     'access-control-allow-origin': '*',
44 silly get     'cache-control': 'public, max-age=300',
44 silly get     etag: 'W/"9d0dfc33335a58ca41addeac253fbb8c"',
44 silly get     'last-modified': 'Tue, 07 Nov 2023 05:03:09 GMT',
44 silly get     vary: 'accept-encoding, accept',
44 silly get     server: 'cloudflare',
44 silly get     'content-encoding': 'gzip' } ]
45 verbose get saving multer to C:\Users\s\AppData\Roaming\npm-cache\registry.npmjs.org\multer\.cache.json
46 verbose correctMkdir C:\Users\s\AppData\Roaming\npm-cache correctMkdir not in flight; initializing
47 http 200 https://registry.npmjs.org/exceljs
48 verbose headers { date: 'Tue, 30 Jan 2024 05:49:34 GMT',
48 verbose headers   'content-type': 'application/json',
48 verbose headers   'transfer-encoding': 'chunked',
48 verbose headers   connection: 'keep-alive',
48 verbose headers   'cf-ray': '84d76eab39bd3873-MRU',
48 verbose headers   'cf-cache-status': 'REVALIDATED',
48 verbose headers   'access-control-allow-origin': '*',
48 verbose headers   'cache-control': 'public, max-age=300',
48 verbose headers   etag: 'W/"1f5e41024c6fe6d088f1c2d0b301d3fd"',
48 verbose headers   'last-modified': 'Thu, 19 Oct 2023 19:49:57 GMT',
48 verbose headers   vary: 'accept-encoding, accept',
48 verbose headers   server: 'cloudflare',
48 verbose headers   'content-encoding': 'gzip' }
49 silly get cb [ 200,
49 silly get   { date: 'Tue, 30 Jan 2024 05:49:34 GMT',
49 silly get     'content-type': 'application/json',
49 silly get     'transfer-encoding': 'chunked',
49 silly get     connection: 'keep-alive',
49 silly get     'cf-ray': '84d76eab39bd3873-MRU',
49 silly get     'cf-cache-status': 'REVALIDATED',
49 silly get     'access-control-allow-origin': '*',
49 silly get     'cache-control': 'public, max-age=300',
49 silly get     etag: 'W/"1f5e41024c6fe6d088f1c2d0b301d3fd"',
49 silly get     'last-modified': 'Thu, 19 Oct 2023 19:49:57 GMT',
49 silly get     vary: 'accept-encoding, accept',
49 silly get     server: 'cloudflare',
49 silly get     'content-encoding': 'gzip' } ]
50 verbose get saving exceljs to C:\Users\s\AppData\Roaming\npm-cache\registry.npmjs.org\exceljs\.cache.json
51 verbose correctMkdir C:\Users\s\AppData\Roaming\npm-cache correctMkdir not in flight; initializing
52 silly resolveWithNewModule exceljs@4.4.0 checking installable status
53 silly resolveWithNewModule multer@1.4.5-lts.1 checking installable status
54 silly cache add args [ 'multer@^1.4.5-lts.1', null ]
55 verbose cache add spec multer@^1.4.5-lts.1
56 silly cache add parsed spec Result {
56 silly cache add   raw: 'multer@^1.4.5-lts.1',
56 silly cache add   scope: null,
56 silly cache add   escapedName: 'multer',
56 silly cache add   name: 'multer',
56 silly cache add   rawSpec: '^1.4.5-lts.1',
56 silly cache add   spec: '>=1.4.5-lts.1 <2.0.0',
56 silly cache add   type: 'range' }
57 silly addNamed multer@>=1.4.5-lts.1 <2.0.0
58 verbose addNamed ">=1.4.5-lts.1 <2.0.0" is a valid semver range for multer
59 silly addNameRange { name: 'multer', range: '>=1.4.5-lts.1 <2.0.0', hasData: false }
60 silly mapToRegistry name multer
61 silly mapToRegistry using default registry
62 silly mapToRegistry registry https://registry.npmjs.org/
63 silly mapToRegistry data Result {
63 silly mapToRegistry   raw: 'multer',
63 silly mapToRegistry   scope: null,
63 silly mapToRegistry   escapedName: 'multer',
63 silly mapToRegistry   name: 'multer',
63 silly mapToRegistry   rawSpec: '',
63 silly mapToRegistry   spec: 'latest',
63 silly mapToRegistry   type: 'tag' }
64 silly mapToRegistry uri https://registry.npmjs.org/multer
65 verbose addNameRange registry:https://registry.npmjs.org/multer not in flight; fetching
66 verbose get https://registry.npmjs.org/multer not expired, no request
67 silly addNameRange number 2 { name: 'multer', range: '>=1.4.5-lts.1 <2.0.0', hasData: true }
68 silly addNameRange versions [ 'multer',
68 silly addNameRange   [ '0.0.1',
68 silly addNameRange     '0.0.2',
68 silly addNameRange     '0.0.3',
68 silly addNameRange     '0.0.4',
68 silly addNameRange     '0.0.5',
68 silly addNameRange     '0.0.6',
68 silly addNameRange     '0.0.7',
68 silly addNameRange     '0.1.0',
68 silly addNameRange     '0.1.1',
68 silly addNameRange     '0.1.2',
68 silly addNameRange     '0.1.3',
68 silly addNameRange     '0.1.4',
68 silly addNameRange     '0.1.6',
68 silly addNameRange     '0.1.7',
68 silly addNameRange     '0.1.8',
68 silly addNameRange     '1.0.0',
68 silly addNameRange     '1.0.1',
68 silly addNameRange     '1.0.2',
68 silly addNameRange     '1.0.3',
68 silly addNameRange     '1.0.4',
68 silly addNameRange     '1.0.5',
68 silly addNameRange     '1.0.6',
68 silly addNameRange     '1.1.0',
68 silly addNameRange     '1.2.0',
68 silly addNameRange     '2.0.0-alpha.1',
68 silly addNameRange     '2.0.0-alpha.2',
68 silly addNameRange     '1.2.1',
68 silly addNameRange     '2.0.0-alpha.3',
68 silly addNameRange     '1.3.0',
68 silly addNameRange     '2.0.0-alpha.4',
68 silly addNameRange     '2.0.0-alpha.5',
68 silly addNameRange     '2.0.0-alpha.6',
68 silly addNameRange     '1.3.1',
68 silly addNameRange     '1.4.0',
68 silly addNameRange     '1.4.1',
68 silly addNameRange     '2.0.0-alpha.7',
68 silly addNameRange     '1.4.2',
68 silly addNameRange     '1.4.3',
68 silly addNameRange     '1.4.4',
68 silly addNameRange     '1.4.4-lts.1',
68 silly addNameRange     '1.4.5-lts.1' ] ]
69 silly addNamed multer@1.4.5-lts.1
70 verbose addNamed "1.4.5-lts.1" is a plain semver version for multer
71 silly mapToRegistry name multer
72 silly mapToRegistry using default registry
73 silly mapToRegistry registry https://registry.npmjs.org/
74 silly mapToRegistry data Result {
74 silly mapToRegistry   raw: 'multer',
74 silly mapToRegistry   scope: null,
74 silly mapToRegistry   escapedName: 'multer',
74 silly mapToRegistry   name: 'multer',
74 silly mapToRegistry   rawSpec: '',
74 silly mapToRegistry   spec: 'latest',
74 silly mapToRegistry   type: 'tag' }
75 silly mapToRegistry uri https://registry.npmjs.org/multer
76 verbose addRemoteTarball https://registry.npmjs.org/multer/-/multer-1.4.5-lts.1.tgz not in flight; adding
77 verbose addRemoteTarball [ 'https://registry.npmjs.org/multer/-/multer-1.4.5-lts.1.tgz',
77 verbose addRemoteTarball   '803e24ad1984f58edffbc79f56e305aec5cfd1ac' ]
78 info retry fetch attempt 1 at 9:49:28 AM
79 info attempt registry request try #1 at 9:49:28 AM
80 http fetch GET https://registry.npmjs.org/multer/-/multer-1.4.5-lts.1.tgz
81 http fetch 200 https://registry.npmjs.org/multer/-/multer-1.4.5-lts.1.tgz
82 silly fetchAndShaCheck shasum 803e24ad1984f58edffbc79f56e305aec5cfd1ac
83 verbose addTmpTarball C:\Users\s\AppData\Local\Temp\npm-11060-2afc60b0\registry.npmjs.org\multer\-\multer-1.4.5-lts.1.tgz not in flight; adding
84 verbose addTmpTarball already have metadata; skipping unpack for multer@1.4.5-lts.1
85 verbose correctMkdir C:\Users\s\AppData\Roaming\npm-cache correctMkdir not in flight; initializing
86 silly cache afterAdd multer@1.4.5-lts.1
87 verbose afterAdd C:\Users\s\AppData\Roaming\npm-cache\multer\1.4.5-lts.1\package\package.json not in flight; writing
88 verbose correctMkdir C:\Users\s\AppData\Roaming\npm-cache correctMkdir not in flight; initializing
89 verbose afterAdd C:\Users\s\AppData\Roaming\npm-cache\multer\1.4.5-lts.1\package\package.json written
90 silly rollbackFailedOptional Starting
91 silly rollbackFailedOptional Finishing
92 silly runTopLevelLifecycles Finishing
93 silly install printInstalled
94 verbose stack Error: Unsupported engine for exceljs@4.4.0: wanted: {"node":">=8.3.0"} (current: {"node":"6.17.1","npm":"3.10.10"})
94 verbose stack     at checkEngine (C:\Users\s\AppData\Roaming\nvm\v6.17.1\node_modules\npm\node_modules\npm-install-checks\index.js:13:14)
94 verbose stack     at module.exports.isInstallable (C:\Users\s\AppData\Roaming\nvm\v6.17.1\node_modules\npm\lib\install\validate-args.js:38:3)
94 verbose stack     at resolveWithNewModule (C:\Users\s\AppData\Roaming\nvm\v6.17.1\node_modules\npm\lib\install\deps.js:511:10)
94 verbose stack     at C:\Users\s\AppData\Roaming\nvm\v6.17.1\node_modules\npm\lib\install\deps.js:454:9
94 verbose stack     at C:\Users\s\AppData\Roaming\nvm\v6.17.1\node_modules\npm\node_modules\iferr\index.js:13:50
94 verbose stack     at C:\Users\s\AppData\Roaming\nvm\v6.17.1\node_modules\npm\lib\fetch-package-metadata.js:37:12
94 verbose stack     at addRequestedAndFinish (C:\Users\s\AppData\Roaming\nvm\v6.17.1\node_modules\npm\lib\fetch-package-metadata.js:67:5)
94 verbose stack     at returnAndAddMetadata (C:\Users\s\AppData\Roaming\nvm\v6.17.1\node_modules\npm\lib\fetch-package-metadata.js:121:7)
94 verbose stack     at pickVersionFromRegistryDocument (C:\Users\s\AppData\Roaming\nvm\v6.17.1\node_modules\npm\lib\fetch-package-metadata.js:146:20)
94 verbose stack     at C:\Users\s\AppData\Roaming\nvm\v6.17.1\node_modules\npm\node_modules\iferr\index.js:13:50
95 verbose pkgid exceljs@4.4.0
96 verbose cwd \\wsl$\Ubuntu\home\suyash\svelte-kit
97 error Windows_NT 10.0.19045
98 error argv "C:\\Program Files\\nodejs\\node.exe" "C:\\Program Files\\nodejs\\node_modules\\npm\\bin\\npm-cli.js" "install" "--scripts-prepend-node-path=auto"
99 error node v6.17.1
100 error npm  v3.10.10
101 error code ENOTSUP
102 error notsup Unsupported engine for exceljs@4.4.0: wanted: {"node":">=8.3.0"} (current: {"node":"6.17.1","npm":"3.10.10"})
103 error notsup Not compatible with your version of node/npm: exceljs@4.4.0
104 error notsup Not compatible with your version of node/npm: exceljs@4.4.0
104 error notsup Required: {"node":">=8.3.0"}
104 error notsup Actual:   {"npm":"3.10.10","node":"6.17.1"}
105 verbose exit [ 1, true ]
